<?xml version="1.0" encoding="UTF-8"?>
<!-- Generated by org.testng.reporters.JUnitXMLReporter -->
<testsuite hostname="saidinesh-mbp" ignored="4" name="GiveIndia testing" tests="7" failures="0" timestamp="19 Sep 2019 12:35:02 GMT" time="21.637" errors="0">
  <testcase name="Url" time="1.823" classname="GiveIndia.GetUrl"/>
  <testcase name="TitleValidation" time="0.01" classname="GiveIndia.Pagevalidation"/>
  <testcase name="ExternallinksValidation" time="5.192" classname="GiveIndia.Pagevalidation"/>
  <testcase name="OxygenlinksValidation" time="3.942" classname="GiveIndia.Pagevalidation"/>
  <testcase name="Oxygenlinksfeaturedarticle" time="0.725" classname="GiveIndia.Pagevalidation"/>
  <testcase name="GetPdfUrl" time="4.035" classname="GiveIndia.pdflinks"/>
  <testcase name="search" time="3.419" classname="GiveIndia.pdflinks"/>
  <testcase name="@BeforeTest opendriver" time="0.0" classname="GiveIndia.LaunchBrowser">
    <ignored/>
  </testcase> <!-- @BeforeTest opendriver -->
  <testcase name="@BeforeTest opendriver" time="0.0" classname="GiveIndia.LaunchBrowser">
    <ignored/>
  </testcase> <!-- @BeforeTest opendriver -->
  <testcase name="@AfterTest terminateBrowser" time="0.0" classname="GiveIndia.LaunchBrowser">
    <ignored/>
  </testcase> <!-- @AfterTest terminateBrowser -->
  <testcase name="@AfterTest terminateBrowser" time="0.0" classname="GiveIndia.LaunchBrowser">
    <ignored/>
  </testcase> <!-- @AfterTest terminateBrowser -->
</testsuite> <!-- GiveIndia testing -->
